<?xml version="1.0" encoding="UTF-8"?>
<!-- Generated by org.testng.reporters.JUnitXMLReporter -->
<testsuite ignored="2" hostname="DESKTOP-B371L1B" failures="0" tests="24" name="EdgeTest" time="152.982" errors="0" timestamp="2024-05-16T17:18:39 IST">
  <testcase classname="TestClass.AddProdcutPageTest" name="AddToCartValidation" time="5.407"/>
  <testcase classname="TestClass.AddProdcutPageTest" name="AddToWishListValidation" time="5.502"/>
  <testcase classname="TestClass.AddProdcutPageTest" name="EmailBtnClickValidation" time="4.928"/>
  <testcase classname="TestClass.AddProdcutPageTest" name="EnterTheQuantity" time="0.329"/>
  <testcase classname="TestClass.AddProdcutPageTest" name="SelectHDD320GBValidation" time="4.354"/>
  <testcase classname="TestClass.AddProdcutPageTest" name="SelectHDD400GBValidation" time="4.361"/>
  <testcase classname="TestClass.AddProdcutPageTest" name="SelectOsPremiumHomeValidation" time="4.349"/>
  <testcase classname="TestClass.AddProdcutPageTest" name="SelectOsVistaHomeValidation" time="4.353"/>
  <testcase classname="TestClass.AddProdcutPageTest" name="SelectProce22GHzValidation" time="2.684"/>
  <testcase classname="TestClass.AddProdcutPageTest" name="SelectProce25GHzValidation" time="2.661"/>
  <testcase classname="TestClass.AddProdcutPageTest" name="SelectRam2GBValidation" time="2.638"/>
  <testcase classname="TestClass.AddProdcutPageTest" name="SelectRam4GBValidation" time="5.676"/>
  <testcase classname="TestClass.AddProdcutPageTest" name="SelectRam8GBValidation" time="2.742"/>
  <testcase classname="TestClass.AddProdcutPageTest" name="SelectSofAcrobatReaderValidation" time="4.384"/>
  <testcase classname="TestClass.AddProdcutPageTest" name="SelectSofMicOfficeValidation" time="4.529"/>
  <testcase classname="TestClass.AddProdcutPageTest" name="SelectSofTotalComanderValidation" time="4.357"/>
  <testcase classname="TestClass.OrderPageTest" name="UnitPriceTest" time="0.08"/>
  <testcase classname="TestClass.OrderPageTest" name="testTheSeletedQty" time="0.05"/>
  <testcase classname="TestClass.OrderPageTest" name="subTotalPrice" time="0.048"/>
  <testcase classname="TestClass.OrderPageTest" name="giftWrapTest" time="5.298"/>
  <testcase classname="TestClass.OrderPageTest" name="TotalPrice" time="3.047"/>
  <testcase classname="TestClass.OrderPageTest" name="ClickOnAgreeTest" time="0.163"/>
  <testcase classname="TestClass.OrderPageTest" name="clickOnCheckOut" time="4.246"/>
  <testcase classname="TestClass.OrderPageTest" name="clickAsGuest" time="4.477"/>
  <testcase classname="com.base.BaseClass1" name="@AfterTest closeBrowser" time="0.0">
    <ignored/>
  </testcase> <!-- @AfterTest closeBrowser -->
  <testcase classname="com.base.BaseClass1" name="@BeforeTest setup" time="0.0">
    <ignored/>
  </testcase> <!-- @BeforeTest setup -->
</testsuite> <!-- EdgeTest -->
